[    0.000000] Linux version 4.15.0-123-generic (buildd@lcy01-amd64-017) (gcc version 7.5.0 (Ubuntu 7.5.0-3ubuntu1~18.04)) #126-Ubuntu SMP Wed Oct 21 09:40:11 UTC 2020 (Ubuntu 4.15.0-123.126-generic 4.15.18)
[    0.000000] Command line: BOOT_IMAGE=/boot/vmlinuz-4.15.0-123-generic root=LABEL=cloudimg-rootfs ro console=tty1 console=ttyS0
[    0.000000] KERNEL supported cpus:
[    0.000000]   Intel GenuineIntel
[    0.000000]   AMD AuthenticAMD
[    0.000000]   Centaur CentaurHauls
[    0.000000] x86/fpu: x87 FPU will use FXSAVE
[    0.000000] e820: BIOS-provided physical RAM map:
[    0.000000] BIOS-e820: [mem 0x0000000000000000-0x000000000009fbff] usable
[    0.000000] BIOS-e820: [mem 0x000000000009fc00-0x000000000009ffff] reserved
[    0.000000] BIOS-e820: [mem 0x00000000000f0000-0x00000000000fffff] reserved
[    0.000000] BIOS-e820: [mem 0x0000000000100000-0x00000000dffeffff] usable
[    0.000000] BIOS-e820: [mem 0x00000000dfff0000-0x00000000dfffffff] ACPI data
[    0.000000] BIOS-e820: [mem 0x00000000fec00000-0x00000000fec00fff] reserved
[    0.000000] BIOS-e820: [mem 0x00000000fee00000-0x00000000fee00fff] reserved
[    0.000000] BIOS-e820: [mem 0x00000000fffc0000-0x00000000ffffffff] reserved
[    0.000000] BIOS-e820: [mem 0x0000000100000000-0x000000011fffffff] usable
[    0.000000] NX (Execute Disable) protection: active
[    0.000000] SMBIOS 2.5 present.
[    0.000000] DMI: innotek GmbH VirtualBox/VirtualBox, BIOS VirtualBox 12/01/2006
[    0.000000] Hypervisor detected: KVM
[    0.000000] e820: last_pfn = 0x120000 max_arch_pfn = 0x400000000
[    0.000000] MTRR: Disabled
[    0.000000] x86/PAT: MTRRs disabled, skipping PAT initialization too.
[    0.000000] CPU MTRRs all blank - virtualized system.
[    0.000000] x86/PAT: Configuration [0-7]: WB  WT  UC- UC  WB  WT  UC- UC  
[    0.000000] e820: last_pfn = 0xdfff0 max_arch_pfn = 0x400000000
[    0.000000] found SMP MP-table at [mem 0x0009fff0-0x0009ffff]
[    0.000000] Scanning 1 areas for low memory corruption
[    0.000000] RAMDISK: [mem 0x35a65000-0x36d29fff]
[    0.000000] ACPI: Early table checksum verification disabled
[    0.000000] ACPI: RSDP 0x00000000000E0000 000024 (v02 VBOX  )
[    0.000000] ACPI: XSDT 0x00000000DFFF0030 00003C (v01 VBOX   VBOXXSDT 00000001 ASL  00000061)
[    0.000000] ACPI: FACP 0x00000000DFFF00F0 0000F4 (v04 VBOX   VBOXFACP 00000001 ASL  00000061)
[    0.000000] ACPI: DSDT 0x00000000DFFF0470 002325 (v02 VBOX   VBOXBIOS 00000002 INTL 20100528)
[    0.000000] ACPI: FACS 0x00000000DFFF0200 000040
[    0.000000] ACPI: FACS 0x00000000DFFF0200 000040
[    0.000000] ACPI: APIC 0x00000000DFFF0240 00005C (v02 VBOX   VBOXAPIC 00000001 ASL  00000061)
[    0.000000] ACPI: SSDT 0x00000000DFFF02A0 0001CC (v01 VBOX   VBOXCPUT 00000002 INTL 20100528)
[    0.000000] No NUMA configuration found
[    0.000000] Faking a node at [mem 0x0000000000000000-0x000000011fffffff]
[    0.000000] NODE_DATA(0) allocated [mem 0x11ffd1000-0x11fffbfff]
[    0.000000] kvm-clock: cpu 0, msr 1:1ff50001, primary cpu clock
[    0.000000] kvm-clock: Using msrs 4b564d01 and 4b564d00
[    0.000000] kvm-clock: using sched offset of 4372975561 cycles
[    0.000000] clocksource: kvm-clock: mask: 0xffffffffffffffff max_cycles: 0x1cd42e4dffb, max_idle_ns: 881590591483 ns
[    0.000000] Zone ranges:
[    0.000000]   DMA      [mem 0x0000000000001000-0x0000000000ffffff]
[    0.000000]   DMA32    [mem 0x0000000001000000-0x00000000ffffffff]
[    0.000000]   Normal   [mem 0x0000000100000000-0x000000011fffffff]
[    0.000000]   Device   empty
[    0.000000] Movable zone start for each node
[    0.000000] Early memory node ranges
[    0.000000]   node   0: [mem 0x0000000000001000-0x000000000009efff]
[    0.000000]   node   0: [mem 0x0000000000100000-0x00000000dffeffff]
[    0.000000]   node   0: [mem 0x0000000100000000-0x000000011fffffff]
[    0.000000] Reserved but unavailable: 98 pages
[    0.000000] Initmem setup node 0 [mem 0x0000000000001000-0x000000011fffffff]
[    0.000000] ACPI: PM-Timer IO Port: 0x4008
[    0.000000] IOAPIC[0]: apic_id 2, version 32, address 0xfec00000, GSI 0-23
[    0.000000] ACPI: INT_SRC_OVR (bus 0 bus_irq 0 global_irq 2 dfl dfl)
[    0.000000] ACPI: INT_SRC_OVR (bus 0 bus_irq 9 global_irq 9 low level)
[    0.000000] Using ACPI (MADT) for SMP configuration information
[    0.000000] smpboot: Allowing 2 CPUs, 0 hotplug CPUs
[    0.000000] PM: Registered nosave memory: [mem 0x00000000-0x00000fff]
[    0.000000] PM: Registered nosave memory: [mem 0x0009f000-0x0009ffff]
[    0.000000] PM: Registered nosave memory: [mem 0x000a0000-0x000effff]
[    0.000000] PM: Registered nosave memory: [mem 0x000f0000-0x000fffff]
[    0.000000] PM: Registered nosave memory: [mem 0xdfff0000-0xdfffffff]
[    0.000000] PM: Registered nosave memory: [mem 0xe0000000-0xfebfffff]
[    0.000000] PM: Registered nosave memory: [mem 0xfec00000-0xfec00fff]
[    0.000000] PM: Registered nosave memory: [mem 0xfec01000-0xfedfffff]
[    0.000000] PM: Registered nosave memory: [mem 0xfee00000-0xfee00fff]
[    0.000000] PM: Registered nosave memory: [mem 0xfee01000-0xfffbffff]
[    0.000000] PM: Registered nosave memory: [mem 0xfffc0000-0xffffffff]
[    0.000000] e820: [mem 0xe0000000-0xfebfffff] available for PCI devices
[    0.000000] Booting paravirtualized kernel on KVM
[    0.000000] clocksource: refined-jiffies: mask: 0xffffffff max_cycles: 0xffffffff, max_idle_ns: 7645519600211568 ns
[    0.000000] random: get_random_bytes called from start_kernel+0x99/0x500 with crng_init=0
[    0.000000] setup_percpu: NR_CPUS:8192 nr_cpumask_bits:2 nr_cpu_ids:2 nr_node_ids:1
[    0.000000] percpu: Embedded 45 pages/cpu s147456 r8192 d28672 u1048576
[    0.000000] PV qspinlock hash table entries: 256 (order: 0, 4096 bytes)
[    0.000000] Built 1 zonelists, mobility grouping on.  Total pages: 1032057
[    0.000000] Policy zone: Normal
[    0.000000] Kernel command line: BOOT_IMAGE=/boot/vmlinuz-4.15.0-123-generic root=LABEL=cloudimg-rootfs ro console=tty1 console=ttyS0
[    0.000000] Memory: 4013636K/4193848K available (12300K kernel code, 2482K rwdata, 4272K rodata, 2436K init, 2724K bss, 180212K reserved, 0K cma-reserved)
[    0.000000] SLUB: HWalign=64, Order=0-3, MinObjects=0, CPUs=2, Nodes=1
[    0.000000] ftrace: allocating 39402 entries in 154 pages
[    0.004000] Hierarchical RCU implementation.
[    0.004000] 	RCU restricting CPUs from NR_CPUS=8192 to nr_cpu_ids=2.
[    0.004000] 	Tasks RCU enabled.
[    0.004000] RCU: Adjusting geometry for rcu_fanout_leaf=16, nr_cpu_ids=2
[    0.004000] NR_IRQS: 524544, nr_irqs: 440, preallocated irqs: 16
[    0.004000] Console: colour VGA+ 80x25
[    0.004000] console [tty1] enabled
[    0.004000] console [ttyS0] enabled
[    0.004000] ACPI: Core revision 20170831
[    0.004000] ACPI: 2 ACPI AML tables successfully acquired and loaded
[    0.004000] APIC: Switch to symmetric I/O mode setup
[    0.004000] ..TIMER: vector=0x30 apic1=0 pin1=2 apic2=-1 pin2=-1
[    0.004000] tsc: Detected 3696.010 MHz processor
[    0.004000] Calibrating delay loop (skipped) preset value.. 7392.02 BogoMIPS (lpj=14784040)
[    0.004000] pid_max: default: 32768 minimum: 301
[    0.004000] Security Framework initialized
[    0.004000] Yama: becoming mindful.
[    0.004000] AppArmor: AppArmor initialized
[    0.020100] Dentry cache hash table entries: 524288 (order: 10, 4194304 bytes)
[    0.036402] Inode-cache hash table entries: 262144 (order: 9, 2097152 bytes)
[    0.040188] Mount-cache hash table entries: 8192 (order: 4, 65536 bytes)
[    0.044177] Mountpoint-cache hash table entries: 8192 (order: 4, 65536 bytes)
[    0.048799] Last level iTLB entries: 4KB 128, 2MB 8, 4MB 8
[    0.052003] Last level dTLB entries: 4KB 64, 2MB 0, 4MB 0, 1GB 4
[    0.056003] Spectre V1 : Mitigation: usercopy/swapgs barriers and __user pointer sanitization
[    0.060002] Spectre V2 : Mitigation: Enhanced IBRS
[    0.064002] Spectre V2 : Spectre v2 / SpectreRSB mitigation: Filling RSB on context switch
[    0.068002] Speculative Store Bypass: Vulnerable
[    0.072129] Freeing SMP alternatives memory: 36K
[    0.197051] smpboot: CPU0: Intel(R) Core(TM) i5-9600KF CPU @ 3.70GHz (family: 0x6, model: 0x9e, stepping: 0xd)
[    0.200325] Performance Events: unsupported p6 CPU model 158 no PMU driver, software events only.
[    0.204084] Hierarchical SRCU implementation.
[    0.208623] NMI watchdog: Perf event create on CPU 0 failed with -2
[    0.212002] NMI watchdog: Perf NMI watchdog permanently disabled
[    0.216227] smp: Bringing up secondary CPUs ...
[    0.219383] x86: Booting SMP configuration:
[    0.220002] .... node  #0, CPUs:      #1
[    0.004000] kvm-clock: cpu 1, msr 1:1ff50041, secondary cpu clock
[    0.227884] TSC synchronization [CPU#0 -> CPU#1]:
[    0.228000] Measured 70220 cycles TSC warp between CPUs, turning off TSC clock.
[    0.228000] tsc: Marking TSC unstable due to check_tsc_sync_source failed
[    0.228081] smp: Brought up 1 node, 2 CPUs
[    0.232004] smpboot: Max logical packages: 1
[    0.236003] smpboot: Total of 2 processors activated (14784.04 BogoMIPS)
[    0.240534] devtmpfs: initialized
[    0.241880] x86/mm: Memory block size: 128MB
[    0.244778] evm: security.selinux
[    0.248002] evm: security.SMACK64
[    0.249593] evm: security.SMACK64EXEC
[    0.251450] evm: security.SMACK64TRANSMUTE
[    0.252002] evm: security.SMACK64MMAP
[    0.253713] evm: security.apparmor
[    0.256002] evm: security.ima
[    0.257439] evm: security.capability
[    0.260444] clocksource: jiffies: mask: 0xffffffff max_cycles: 0xffffffff, max_idle_ns: 7645041785100000 ns
[    0.264007] futex hash table entries: 512 (order: 3, 32768 bytes)
[    0.268197] pinctrl core: initialized pinctrl subsystem
[    0.272087] RTC time:  9:51:40, date: 11/29/20
[    0.276167] NET: Registered protocol family 16
[    0.278301] audit: initializing netlink subsys (disabled)
[    0.280141] audit: type=2000 audit(1606643506.912:1): state=initialized audit_enabled=0 res=1
[    0.288004] cpuidle: using governor ladder
[    0.290227] cpuidle: using governor menu
[    0.292051] ACPI: bus type PCI registered
[    0.293960] acpiphp: ACPI Hot Plug PCI Controller Driver version: 0.5
[    0.296306] PCI: Using configuration type 1 for base access
[    0.308332] HugeTLB registered 2.00 MiB page size, pre-allocated 0 pages
[    0.316228] ACPI: Added _OSI(Module Device)
[    0.318990] ACPI: Added _OSI(Processor Device)
[    0.320004] ACPI: Added _OSI(3.0 _SCP Extensions)
[    0.322183] ACPI: Added _OSI(Processor Aggregator Device)
[    0.324003] ACPI: Added _OSI(Linux-Dell-Video)
[    0.328003] ACPI: Added _OSI(Linux-Lenovo-NV-HDMI-Audio)
[    0.330514] ACPI: Added _OSI(Linux-HPI-Hybrid-Graphics)
[    0.332540] ACPI: Executed 1 blocks of module-level executable AML code
[    0.343195] ACPI: Interpreter enabled
[    0.344011] ACPI: (supports S0 S5)
[    0.345713] ACPI: Using IOAPIC for interrupt routing
[    0.348259] PCI: Using host bridge windows from ACPI; if necessary, use "pci=nocrs" and report a bug
[    0.352136] ACPI: Enabled 2 GPEs in block 00 to 07
[    0.362935] ACPI: PCI Root Bridge [PCI0] (domain 0000 [bus 00-ff])
[    0.364006] acpi PNP0A03:00: _OSC: OS supports [ASPM ClockPM Segments MSI]
[    0.368461] acpi PNP0A03:00: _OSC: not requesting OS control; OS requires [ExtendedConfig ASPM ClockPM MSI]
[    0.372010] acpi PNP0A03:00: fail to add MMCONFIG information, can't access extended PCI configuration space under this bridge.
[    0.376392] PCI host bridge to bus 0000:00
[    0.380003] pci_bus 0000:00: root bus resource [io  0x0000-0x0cf7 window]
[    0.384003] pci_bus 0000:00: root bus resource [io  0x0d00-0xffff window]
[    0.388003] pci_bus 0000:00: root bus resource [mem 0x000a0000-0x000bffff window]
[    0.391700] pci_bus 0000:00: root bus resource [mem 0xe0000000-0xfdffffff window]
[    0.392003] pci_bus 0000:00: root bus resource [bus 00-ff]
[    0.401198] pci 0000:00:01.1: legacy IDE quirk: reg 0x10: [io  0x01f0-0x01f7]
[    0.404003] pci 0000:00:01.1: legacy IDE quirk: reg 0x14: [io  0x03f6]
[    0.406959] pci 0000:00:01.1: legacy IDE quirk: reg 0x18: [io  0x0170-0x0177]
[    0.408002] pci 0000:00:01.1: legacy IDE quirk: reg 0x1c: [io  0x0376]
[    0.460868] pci 0000:00:07.0: quirk: [io  0x4000-0x403f] claimed by PIIX4 ACPI
[    0.468024] pci 0000:00:07.0: quirk: [io  0x4100-0x410f] claimed by PIIX4 SMB
[    0.489049] ACPI: PCI Interrupt Link [LNKA] (IRQs 5 9 10 *11)
[    0.496135] ACPI: PCI Interrupt Link [LNKB] (IRQs 5 9 *10 11)
[    0.500137] ACPI: PCI Interrupt Link [LNKC] (IRQs 5 *9 10 11)
[    0.508136] ACPI: PCI Interrupt Link [LNKD] (IRQs 5 9 10 *11)
[    0.516701] SCSI subsystem initialized
[    0.520165] pci 0000:00:02.0: vgaarb: setting as boot VGA device
[    0.524000] pci 0000:00:02.0: vgaarb: VGA device added: decodes=io+mem,owns=io+mem,locks=none
[    0.540009] pci 0000:00:02.0: vgaarb: bridge control possible
[    0.544005] vgaarb: loaded
[    0.552042] ACPI: bus type USB registered
[    0.556026] usbcore: registered new interface driver usbfs
[    0.560022] usbcore: registered new interface driver hub
[    0.564129] usbcore: registered new device driver usb
[    0.572257] EDAC MC: Ver: 3.0.0
[    0.580466] PCI: Using ACPI for IRQ routing
[    0.584494] NetLabel: Initializing
[    0.592004] NetLabel:  domain hash size = 128
[    0.596006] NetLabel:  protocols = UNLABELED CIPSOv4 CALIPSO
[    0.600117] NetLabel:  unlabeled traffic allowed by default
[    0.608182] clocksource: Switched to clocksource kvm-clock
[    0.652309] VFS: Disk quotas dquot_6.6.0
[    0.654310] VFS: Dquot-cache hash table entries: 512 (order 0, 4096 bytes)
[    0.658761] AppArmor: AppArmor Filesystem Enabled
[    0.661376] pnp: PnP ACPI init
[    0.664174] pnp: PnP ACPI: found 3 devices
[    0.673463] clocksource: acpi_pm: mask: 0xffffff max_cycles: 0xffffff, max_idle_ns: 2085701024 ns
[    0.678440] NET: Registered protocol family 2
[    0.681529] TCP established hash table entries: 32768 (order: 6, 262144 bytes)
[    0.686474] TCP bind hash table entries: 32768 (order: 7, 524288 bytes)
[    0.692211] TCP: Hash tables configured (established 32768 bind 32768)
[    0.696256] UDP hash table entries: 2048 (order: 4, 65536 bytes)
[    0.699204] UDP-Lite hash table entries: 2048 (order: 4, 65536 bytes)
[    0.703239] NET: Registered protocol family 1
[    0.705880] pci 0000:00:00.0: Limiting direct PCI/PCI transfers
[    0.708982] pci 0000:00:01.0: Activating ISA DMA hang workarounds
[    0.712313] pci 0000:00:02.0: Video device with shadowed ROM at [mem 0x000c0000-0x000dffff]
[    0.716395] Unpacking initramfs...
[    1.155265] Freeing initrd memory: 19220K
[    1.158679] PCI-DMA: Using software bounce buffering for IO (SWIOTLB)
[    1.162521] software IO TLB: mapped [mem 0xdbff0000-0xdfff0000] (64MB)
[    1.166941] clocksource: tsc: mask: 0xffffffffffffffff max_cycles: 0x6a8d38b1514, max_idle_ns: 881590632300 ns
[    1.173117] platform rtc_cmos: registered platform RTC device (no PNP device found)
[    1.177470] Scanning for low memory corruption every 60 seconds
[    1.181798] Initialise system trusted keyrings
[    1.184915] Key type blacklist registered
[    1.187785] workingset: timestamp_bits=36 max_order=20 bucket_order=0
[    1.194016] zbud: loaded
[    1.196871] squashfs: version 4.0 (2009/01/31) Phillip Lougher
[    1.200185] fuse init (API version 7.26)
[    1.222876] Key type asymmetric registered
[    1.225682] Asymmetric key parser 'x509' registered
[    1.228116] Block layer SCSI generic (bsg) driver version 0.4 loaded (major 246)
[    1.233341] io scheduler noop registered
[    1.235429] io scheduler deadline registered
[    1.237982] io scheduler cfq registered (default)
[    1.241239] ACPI: AC Adapter [AC] (on-line)
[    1.243437] input: Power Button as /devices/LNXSYSTM:00/LNXPWRBN:00/input/input0
[    1.247973] ACPI: Power Button [PWRF]
[    1.250889] input: Sleep Button as /devices/LNXSYSTM:00/LNXSLPBN:00/input/input1
[    1.254720] ACPI: Sleep Button [SLPF]
[    1.258185] virtio-pci 0000:00:03.0: virtio_pci: leaving for legacy driver
[    1.262865] virtio-pci 0000:00:08.0: virtio_pci: leaving for legacy driver
[    1.266707] Serial: 8250/16550 driver, 32 ports, IRQ sharing enabled
[    1.296153] 00:02: ttyS0 at I/O 0x3f8 (irq = 4, base_baud = 115200) is a 16550A
[    1.302442] Linux agpgart interface v0.103
[    1.309018] loop: module loaded
[    1.313199] scsi host0: ata_piix
[    1.315811] scsi host1: ata_piix
[    1.318349] ata1: PATA max UDMA/33 cmd 0x1f0 ctl 0x3f6 bmdma 0xd000 irq 14
[    1.321723] ata2: PATA max UDMA/33 cmd 0x170 ctl 0x376 bmdma 0xd008 irq 15
[    1.326338] libphy: Fixed MDIO Bus: probed
[    1.329110] tun: Universal TUN/TAP device driver, 1.6
[    1.331620] PPP generic driver version 2.4.2
[    1.334249] ehci_hcd: USB 2.0 'Enhanced' Host Controller (EHCI) Driver
[    1.337628] ehci-pci: EHCI PCI platform driver
[    1.339918] ehci-platform: EHCI generic platform driver
[    1.343612] ohci_hcd: USB 1.1 'Open' Host Controller (OHCI) Driver
[    1.347346] ohci-pci: OHCI PCI platform driver
[    1.349948] ohci-platform: OHCI generic platform driver
[    1.352882] uhci_hcd: USB Universal Host Controller Interface driver
[    1.355901] i8042: PNP: PS/2 Controller [PNP0303:PS2K,PNP0f03:PS2M] at 0x60,0x64 irq 1,12
[    1.363389] serio: i8042 KBD port at 0x60,0x64 irq 1
[    1.367069] serio: i8042 AUX port at 0x60,0x64 irq 12
[    1.372154] mousedev: PS/2 mouse device common for all mice
[    1.376771] input: AT Translated Set 2 keyboard as /devices/platform/i8042/serio0/input/input2
[    1.377020] rtc_cmos rtc_cmos: rtc core: registered rtc_cmos as rtc0
[    1.386185] rtc_cmos rtc_cmos: alarms up to one day, 114 bytes nvram
[    1.389371] i2c /dev entries driver
[    1.391125] device-mapper: uevent: version 1.0.3
[    1.394064] device-mapper: ioctl: 4.37.0-ioctl (2017-09-20) initialised: dm-devel@redhat.com
[    1.398397] ledtrig-cpu: registered to indicate activity on CPUs
[    1.404561] NET: Registered protocol family 10
[    1.414741] Segment Routing with IPv6
[    1.417112] NET: Registered protocol family 17
[    1.420659] Key type dns_resolver registered
[    1.423903] mce: Using 0 MCE banks
[    1.426516] RAS: Correctable Errors collector initialized.
[    1.429219] sched_clock: Marking stable (1429165240, 0)->(2904732473, -1475567233)
[    1.437249] registered taskstats version 1
[    1.439638] Loading compiled-in X.509 certificates
[    1.445667] Loaded X.509 cert 'Build time autogenerated kernel key: 423d6fc95fe30468112015aeb92af84ef3acf368'
[    1.450918] zswap: loaded using pool lzo/zbud
[    1.462416] Key type big_key registered
[    1.464895] Key type trusted registered
[    1.469966] Key type encrypted registered
[    1.472439] AppArmor: AppArmor sha1 policy hashing enabled
[    1.474949] ima: No TPM chip found, activating TPM-bypass! (rc=-19)
[    1.478866] ima: Allocated hash algorithm: sha1
[    1.481311] evm: HMAC attrs: 0x1
[    1.483235]   Magic number: 12:503:880
[    1.507131] rtc_cmos rtc_cmos: setting system clock to 2020-11-29 09:51:41 UTC (1606643501)
[    1.530044] BIOS EDD facility v0.16 2004-Jun-25, 0 devices found
[    1.533401] EDD information not available.
[    1.538538] Freeing unused kernel image memory: 2436K
[    1.560858] Write protecting the kernel read-only data: 20480k
[    1.565068] Freeing unused kernel image memory: 2008K
[    1.568211] Freeing unused kernel image memory: 1872K
[    1.576448] x86/mm: Checked W+X mappings: passed, no W+X pages found.
Loading, please wait...
starting version 237
[    1.669151] Fusion MPT base driver 3.04.20
[    1.671219] Copyright (c) 1999-2008 LSI Corporation
[    1.684007] Fusion MPT SPI Host driver 3.04.20
[    1.689869] mptbase: ioc0: Initiating bringup
[    1.717299] virtio_net virtio1 enp0s8: renamed from eth1
[    1.736591] virtio_net virtio0 enp0s3: renamed from eth0
[    2.192791] input: ImExPS/2 Generic Explorer Mouse as /devices/platform/i8042/serio1/input/input4
[    2.237869] ioc0: LSI53C1030 A0: Capabilities={Initiator}
[    2.493323] scsi host2: ioc0: LSI53C1030 A0, FwRev=00000000h, Ports=1, MaxQ=256, IRQ=20
[    2.665386] scsi 2:0:0:0: Direct-Access     VBOX     HARDDISK         1.0  PQ: 0 ANSI: 5
[    2.700531] scsi target2:0:0: Beginning Domain Validation
[    2.711414] scsi target2:0:0: Domain Validation skipping write tests
[    2.715536] scsi target2:0:0: Ending Domain Validation
[    2.719130] scsi target2:0:0: asynchronous
[    2.723733] scsi 2:0:1:0: Direct-Access     VBOX     HARDDISK         1.0  PQ: 0 ANSI: 5
[    2.760208] scsi target2:0:1: Beginning Domain Validation
[    2.764221] random: fast init done
[    2.773041] scsi target2:0:1: Domain Validation skipping write tests
[    2.776607] scsi target2:0:1: Ending Domain Validation
[    2.779384] scsi target2:0:1: asynchronous
[    2.794307] sd 2:0:0:0: Attached scsi generic sg0 type 0
[    2.794528] random: systemd-udevd: uninitialized urandom read (16 bytes read)
[    2.797621] sd 2:0:1:0: Attached scsi generic sg1 type 0
[    2.802663] sd 2:0:0:0: [sda] 20971520 512-byte logical blocks: (10.7 GB/10.0 GiB)
[    2.809230] sd 2:0:1:0: [sdb] 20480 512-byte logical blocks: (10.5 MB/10.0 MiB)
[    2.812552] random: systemd-udevd: uninitialized urandom read (16 bytes read)
[    2.812841] sd 2:0:0:0: [sda] Write Protect is off
[    2.817137] sd 2:0:1:0: [sdb] Write Protect is off
[    2.822617] random: systemd-udevd: uninitialized urandom read (16 bytes read)
[    2.822938] sd 2:0:1:0: [sdb] Incomplete mode parameter data
[    2.831195] sd 2:0:1:0: [sdb] Assuming drive cache: write through
[    2.831318] sd 2:0:0:0: [sda] Incomplete mode parameter data
[    2.838271] sd 2:0:0:0: [sda] Assuming drive cache: write through
[    2.847162]  sda: sda1
[    2.851929] sd 2:0:1:0: [sdb] Attached SCSI disk
[    2.852359] sd 2:0:0:0: [sda] Attached SCSI disk
Begin: Loading essential drivers ... [    4.772355] raid6: sse2x1   gen() 14875 MB/s
[    4.821188] raid6: sse2x1   xor()  8309 MB/s
[    4.872085] raid6: sse2x2   gen() 18336 MB/s
[    4.920063] raid6: sse2x2   xor() 11281 MB/s
[    4.968613] raid6: sse2x4   gen() 18681 MB/s
[    5.016460] raid6: sse2x4   xor() 11429 MB/s
[    5.019593] raid6: using algorithm sse2x4 gen() 18681 MB/s
[    5.022487] raid6: .... xor() 11429 MB/s, rmw enabled
[    5.025019] raid6: using ssse3x2 recovery algorithm
[    5.029350] xor: measuring software checksum speed
[    5.068193]    prefetch64-sse: 27247.000 MB/sec
[    5.108233]    generic_sse: 25591.000 MB/sec
[    5.111145] xor: using function: prefetch64-sse (27247.000 MB/sec)
[    5.116516] async_tx: api initialized (async)
done.
Begin: Running /scripts/init-premount ... done.
Begin: Mounting root file system ... Begin: Running /scripts/local-top ... done.
Begin: Running /scripts/local-premount ... [    5.168136] Btrfs loaded, crc32c=crc32c-intel
Scanning for Btrfs filesystems
done.
Warning: fsck not present, so skipping root file system
[    5.215069] EXT4-fs (sda1): mounted filesystem with ordered data mode. Opts: (null)
done.
Begin: Running /scripts/local-bottom ... done.
Begin: Running /scripts/init-bottom ... done.
[    5.452422] ip_tables: (C) 2000-2006 Netfilter Core Team
[    5.471292] systemd[1]: systemd 237 running in system mode. (+PAM +AUDIT +SELINUX +IMA +APPARMOR +SMACK +SYSVINIT +UTMP +LIBCRYPTSETUP +GCRYPT +GNUTLS +ACL +XZ +LZ4 +SECCOMP +BLKID +ELFUTILS +KMOD -IDN2 +IDN -PCRE2 default-hierarchy=hybrid)
[    5.483948] systemd[1]: Detected virtualization oracle.
[    5.487265] systemd[1]: Detected architecture x86-64.

Welcome to [1mUbuntu 18.04.5 LTS[0m!

[    5.512740] systemd[1]: Set hostname to <ubuntu>.
[    5.525736] systemd[1]: Initializing machine ID from random generator.
[    5.528941] systemd[1]: Installed transient /etc/machine-id file.
[    5.882371] systemd[1]: Created slice System Slice.
[[0;32m  OK  [0m] Created slice System Slice.
[    5.886562] systemd[1]: Listening on Journal Socket (/dev/log).
[[0;32m  OK  [0m] Listening on Journal Socket (/dev/log).
[    5.891236] systemd[1]: Listening on Journal Socket.
[[0;32m  OK  [0m] Listening on Journal Socket.
[    5.896500] systemd[1]: Starting Uncomplicated firewall...
         Starting Uncomplicated firewall...
         Mounting Kernel Debug File System...
         Mounting POSIX Message Queue File System...
         Mounting Huge Pages File System...
[[0;32m  OK  [0m] Listening on Syslog Socket.
[[0;32m  OK  [0m] Listening on Device-mapper event daemon FIFOs.
[[0;32m  OK  [0m] Listening on /dev/initctl Compatibility Named Pipe.
[[0;32m  OK  [0m] Listening on Network Service Netlink Socket.
[[0;32m  OK  [0m] Listening on LVM2 metadata daemon socket.
         Starting Monitoring of LVM2 mirrors…ng dmeventd or progress polling...
         Starting Set the console keyboard layout...
[[0;32m  OK  [0m] Created slice User and Session Slice.
[[0;32m  OK  [0m] Created slice system-serial\x2dgetty.slice.
[[0;32m  OK  [0m] Reached target System Time Synchronized.
[[0;32m  OK  [0m] Listening on udev Kernel Socket.
[[0;32m  OK  [0m] Started Forward Password Requests to Wall Directory Watch.
[[0;32m  OK  [0m] Listening on LVM2 poll daemon socket.
[[0;32m  OK  [0m] Reached target Swap.
         Starting Remount Root and Kernel File Systems...
[[0;32m  OK  [0m] Listening on Journal Audit Socket.
[[0;32m  OK  [0m] Reached target Slices.
[[0;32m  OK  [0m] Listening on udev Control Socket.
         Starting udev Coldplug all Devices...
         Starting Journal Service...
[[0;32m  OK  [0m] Reached target User and Group Name Lookups.
[[0;32m  OK  [0m] Set up automount Arbitrary Executab…rmats File System Automount Point.
         Starting Create list of required st…ce nodes for the current kernel...
         Starting Load Kernel Modules...
[[0;32m  OK  [0m] Started Uncomplicated firewall.
[[0;32m  OK  [0m] Mounted Kernel Debug File System.
[[0;32m  OK  [0m] Mounted POSIX Message Queue File System.
[[0;32m  OK  [0m] Mounted Huge Pages File System.
[[0;32m  OK  [0m] Started udev Coldplug all Devices.
[    6.045386] EXT4-fs (sda1): re-mounted. Opts: (null)
[[0;32m  OK  [0m] Started Journal Service.
[[0;32m  OK  [0m] Started Remount Root and Kernel File Systems.
[[0;32m  OK  [0m] Started Create list of required sta…vice nodes for the current kernel.
         Starting Create Static Device Nodes in /dev...[    6.065828] Loading iSCSI transport class v2.0-870.

         Starting Flush Journal to Persistent Storage...
         Starting Load/Save Random Seed...
[[0;32m  OK  [0m] Started LVM2 metadata daemon.
[[0;32m  OK  [0m] Started Create Static Device Nodes in /dev.
[    6.125048] iscsi: registered transport (tcp)
         Starting udev Kernel Device Manager...
[    6.158661] systemd-journald[401]: Received request to flush runtime journal from PID 1
[[0;32m  OK  [0m] Started Load/Save Random Seed.
[[0;32m  OK  [0m] Started udev Kernel Device Manager.
[    6.238545] iscsi: registered transport (iser)
[[0;32m  OK  [0m] Started Load Kernel Modules.
         Mounting Kernel Configuration File System...
         Mounting FUSE Control File System...
         Starting Apply Kernel Variables...
[[0;32m  OK  [0m] Mounted FUSE Control File System.
[[0;32m  OK  [0m] Mounted Kernel Configuration File System.
[[0;32m  OK  [0m] Started Monitoring of LVM2 mirrors,…sing dmeventd or progress polling.
[[0;32m  OK  [0m] Started Apply Kernel Variables.
[[0;32m  OK  [0m] Started Flush Journal to Persistent Storage.
[[0;32m  OK  [0m] Found device /dev/ttyS0.
[[0;32m  OK  [0m] Listening on Load/Save RF Kill Switch Status /dev/rfkill Watch.
[[0;32m  OK  [0m] Started Set the console keyboard layout.
[[0;32m  OK  [0m] Started Dispatch Password Requests to Console Directory Watch.
[[0;32m  OK  [0m] Reached target Local Encrypted Volumes.
[[0;32m  OK  [0m] Reached target Local File Systems (Pre).
[[0;32m  OK  [0m] Reached target Local File Systems.
         Starting Create Volatile Files and Directories...
         Starting Commit a transient machine-id on disk...
         Starting ebtables ruleset management...
         Starting AppArmor initialization...
         Starting Set console font and keymap...
         Starting Tell Plymouth To Write Out Runtime Data...
[[0;32m  OK  [0m] Started Set console font and keymap.
[[0;32m  OK  [0m] Started Tell Plymouth To Write Out Runtime Data.
[[0;32m  OK  [0m] Started Create Volatile Files and Directories.
         Starting Update UTMP about System Boot/Shutdown...
[[0;32m  OK  [0m] Started Update UTMP about System Boot/Shutdown.
[[0;32m  OK  [0m] Started Commit a transient machine-id on disk.
[[0;32m  OK  [0m] Started ebtables ruleset management.
[[0;32m  OK  [0m] Started AppArmor initialization.
         Starting Load AppArmor profiles managed internally by snapd...
         Starting Initial cloud-init job (pre-networking)...
[[0;32m  OK  [0m] Started Load AppArmor profiles managed internally by snapd.
[    8.699973] cloud-init[594]: Cloud-init v. 20.3-2-g371b392c-0ubuntu1~18.04.1 running 'init-local' at Sun, 29 Nov 2020 09:51:48 +0000. Up 8.36 seconds.
[[0;32m  OK  [0m] Started Initial cloud-init job (pre-networking).
[[0;32m  OK  [0m] Reached target Network (Pre).
         Starting Network Service...
[[0;32m  OK  [0m] Started Network Service.
         Starting Wait for Network to be Configured...
         Starting Network Name Resolution...
[[0;32m  OK  [0m] Started Network Name Resolution.
[[0;32m  OK  [0m] Reached target Network.
[[0;32m  OK  [0m] Reached target Host and Network Name Lookups.
[[0;32m  OK  [0m] Started Wait for Network to be Configured.
         Starting Initial cloud-init job (metadata service crawler)...
[   10.479638] cloud-init[731]: Cloud-init v. 20.3-2-g371b392c-0ubuntu1~18.04.1 running 'init' at Sun, 29 Nov 2020 09:51:50 +0000. Up 10.37 seconds.
[   10.484845] cloud-init[731]: ci-info: ++++++++++++++++++++++++++++++++++++++Net device info+++++++++++++++++++++++++++++++++++++++
[   10.500753] cloud-init[731]: ci-info: +--------+-------+----------------------------+---------------+--------+-------------------+
[   10.506170] cloud-init[731]: ci-info: | Device |   Up  |          Address           |      Mask     | Scope  |     Hw-Address    |
[   10.508887] cloud-init[731]: ci-info: +--------+-------+----------------------------+---------------+--------+-------------------+
[   10.511933] cloud-init[731]: ci-info: | enp0s3 |  True |         10.0.2.15          | 255.255.255.0 | global | 02:57:50:35:f1:66 |
[   10.514860] cloud-init[731]: ci-info: | enp0s3 |  True | fe80::57:50ff:fe35:f166/64 |       .       |  link  | 02:57:50:35:f1:66 |
[   10.517580] cloud-init[731]: ci-info: | enp0s8 | False |             .              |       .       |   .    | 08:00:27:60:74:93 |
[   10.520370] cloud-init[731]: ci-info: |   lo   |  True |         127.0.0.1          |   255.0.0.0   |  host  |         .         |
[   10.523174] cloud-init[731]: ci-info: |   lo   |  True |          ::1/128           |       .       |  host  |         .         |
[   10.525958] cloud-init[731]: ci-info: +--------+-------+----------------------------+---------------+--------+-------------------+
[   10.528673] cloud-init[731]: ci-info: ++++++++++++++++++++++++++++Route IPv4 info+++++++++++++++++++++++++++++
[   10.531421] cloud-init[731]: ci-info: +-------+-------------+----------+-----------------+-----------+-------+
[   10.533789] cloud-init[731]: ci-info: | Route | Destination | Gateway  |     Genmask     | Interface | Flags |
[   10.535990] cloud-init[731]: ci-info: +-------+-------------+----------+-----------------+-----------+-------+
[   10.538343] cloud-init[731]: ci-info: |   0   |   0.0.0.0   | 10.0.2.2 |     0.0.0.0     |   enp0s3  |   UG  |
[   10.540607] cloud-init[731]: ci-info: |   1   |   10.0.2.0  | 0.0.0.0  |  255.255.255.0  |   enp0s3  |   U   |
[   10.543051] cloud-init[731]: ci-info: |   2   |   10.0.2.2  | 0.0.0.0  | 255.255.255.255 |   enp0s3  |   UH  |
[   10.545470] cloud-init[731]: ci-info: +-------+-------------+----------+-----------------+-----------+-------+
[   10.547703] cloud-init[731]: ci-info: +++++++++++++++++++Route IPv6 info+++++++++++++++++++
[   10.549620] cloud-init[731]: ci-info: +-------+-------------+---------+-----------+-------+
[   10.551851] cloud-init[731]: ci-info: | Route | Destination | Gateway | Interface | Flags |
[   10.553800] cloud-init[731]: ci-info: +-------+-------------+---------+-----------+-------+
[   10.556609] cloud-init[731]: ci-info: |   1   |  fe80::/64  |    ::   |   enp0s3  |   U   |
[   10.558532] cloud-init[731]: ci-info: |   3   |    local    |    ::   |   enp0s3  |   U   |
[   10.560536] cloud-init[731]: ci-info: |   4   |   ff00::/8  |    ::   |   enp0s3  |   U   |
[   10.562432] cloud-init[731]: ci-info: +-------+-------------+---------+-----------+-------+
[   11.241918] cloud-init[731]: Generating public/private rsa key pair.
[   11.250066] cloud-init[731]: Your identification has been saved in /etc/ssh/ssh_host_rsa_key.
[   11.254000] cloud-init[731]: Your public key has been saved in /etc/ssh/ssh_host_rsa_key.pub.
[   11.257803] cloud-init[731]: The key fingerprint is:
[   11.260803] cloud-init[731]: SHA256:vs91GScAOKMZRoHnD7Y3hVN8IrtK/0CNwNByevWcqp8 root@ubuntu-bionic
[   11.264629] cloud-init[731]: The key's randomart image is:
[   11.267683] cloud-init[731]: +---[RSA 2048]----+
[   11.270804] cloud-init[731]: |    .+o. o.      |
[   11.273762] cloud-init[731]: |    oo* * +..    |
[   11.276783] cloud-init[731]: |     Bo= X +.    |
[   11.279493] cloud-init[731]: |    . B.+o=  .   |[[0;32m  OK  [0m] Started Initial cloud-init job (metadata service crawler).
[[0;32m  OK  [0m] Reached target Cloud-config availability.
[[0;32m  OK  [0m] Reached target Network is Online.

[[0;32m  OK  [0m] Reached target Remote File Systems (Pre).
[   11.292631] cloud-init[731]: |     o +S=.   o .|
[   11.292849] cloud-init[731]: |      oo*      = |
[   11.292879] cloud-init[731]: |     . =o.  . o  |
[   11.292907] cloud-init[731]: |      o .= . .   |
[   11.292930] cloud-init[731]: |       .Eo+      |
[   11.292953] cloud-init[731]: +----[SHA256]-----+
[   11.292976] cloud-init[731]: Generating public/private dsa key pair.
[   11.293258] cloud-init[731]: Your identification has been saved in /etc/ssh/ssh_host_dsa_key.
[   11.293543] cloud-init[731]: Your public key has been saved in /etc/ssh/ssh_host_dsa_key.pub.
[   11.293594] cloud-init[731]: The key fingerprint is:
[   11.293915] cloud-init[731]: SHA256:LFAYpzfuB9TA+JP0Fpb7jfcPlsm40VAiiwS29eCtW/8 root@ubuntu-bionic
[   11.294178] cloud-init[731]: The key's randomart image is:
[   11.294432] cloud-init[731]: +---[DSA 1024]----+
[   11.294694] cloud-init[731]: |    .=* o.       |
[   11.294951] cloud-init[731]: |    o=oB++       |
[   11.295208] cloud-init[731]: |    oo=++o+ . .  |
[   11.295477] cloud-init[731]: |     =+++o o o   |
[   11.295731] cloud-init[731]: |      +oS.oo.    |
[   11.295991] cloud-init[731]: |     . o oo.o= o |
[   11.296565] cloud-init[731]: |      . o  .+.B  |
[   11.296813] cloud-init[731]: |       .     =.. |
[   11.297072] cloud-init[731]: |            . E..|
[   11.297329] cloud-init[731]: +----[SHA256]-----+
[   11.297588] cloud-init[731]: Generating public/private ecdsa key pair.
[   11.297854] cloud-init[731]: Your identification has been saved in /etc/ssh/ssh_host_ecdsa_key.
[   11.298114] cloud-init[731]: Your public key has been saved in /etc/ssh/ssh_host_ecdsa_key.pub.
[   11.298371] cloud-init[731]: The key fingerprint is:
[   11.298630] cloud-init[731]: SHA256:5CdyV0JTxmyyu6rTPu+q9W9Dl9SkEqNaygxAsTJgH0Y root@ubuntu-bionic
[   11.298894] cloud-init[731]: The key's randomart image is:
[   11.299147] cloud-init[731]: +---[ECDSA 256]---+
[   11.299411] cloud-init[731]: |...Eo.    o+o    |
[   11.299668] cloud-init[731]: |..o o.   ..o*   .|
[[0;32m  OK  [0m] Reached target Remote File Systems.
         Starting Availability of block devices...
[[0;32m  OK  [0m] Reached target System Initialization.
[[0;32m  OK  [0m] Listening on ACPID Listen Socket.
[[0;32m  OK  [0m] Started Daily apt download activities.
[[0;32m  OK  [0m] Started Message of the Day.
[[0;32m  OK  [0m] Started Daily Cleanup of Temporary Directories.
[[0;32m  OK  [0m] Listening on UUID daemon activation socket.
[[0;32m  OK  [0m] Listening on Open-iSCSI iscsid Socket.
[   11.299931] cloud-init[731]: |  o...  . .=.o + |
[[0;32m  OK  [0m] Started ACPI Events Check.
[[0;32m  OK  [0m] Reached target Paths.
[   11.343991]          Starting LXD - unix socket.
[[0;32m  OK  [0m] Started Daily apt upgrade and clean activities.
         Starting Socket activation for snappy daemon.
[[0;32m  OK  [0m] Listening on D-Bus System Message Bus Socket.
[[0;32m  OK  [0m] Started Discard unused blocks once a week.
[[0;32m  OK  [0m] Reached target Timers.
[[0;32m  OK  [0m] Started Availability of block devices.
cloud-init[731]: |   o  .o  +o. o .|
[   11.353611] cloud-init[731]: |      .+S+o. o . |
[   11.354813] cloud-init[731]: |       o=+. . o  |
[   11.355982] cloud-init[731]: |       ..  o .   |
[   11.357105] cloud-init[731]: |      ..o.. o    |
[   11.358328] cloud-init[731]: |      o=+*+o..   |
[[0;32m  OK  [0m] Listening on Socket activation for snappy daemon.
[[0;32m  OK  [0m] Listening on LXD - unix socket.
[[0;32m  OK  [0m] Reached target Sockets.
[[0;32m  OK  [0m] Reached target Basic System.
         Starting LSB: automatic crash report generation...
         Starting LXD - container startup/shutdown...
[   11.359912] cloud-init[731]: +----[SHA256]-----+
[[0;32m  OK  [0m] Started irqbalance daemon.
         Starting System Logging Service...
[   11.376494] cloud-init[731]: Generating public/private ed25519 key pair.
[   11.387967] cloud-init[731]: Your identification has been saved in /etc/ssh/ssh_host_ed25519_key.
[[0;32m  OK  [0m] Started Deferred execution scheduler.
[   11.394973] cloud-init[731]: Your public key has been saved in /etc/ssh/ssh_host_ed25519_key.pub.
[   11.399694] cloud-init[731]: The key fingerprint is:
[   11.401038] cloud-init[731]: SHA256:SciPg94PCwMvMr1fkOEKvEtwDmnycz1CvXiqaa+aeIQ root@ubuntu-bionic
[   11.403166] cloud-init[731]: The key's randomart image is:
[   11.404436] cloud-init[731]: +--[ED25519 256]--+
[   11.405597] cloud-init[731]: |                 |
[   11.406747] cloud-init[731]: |     . .         |
[   11.407878] cloud-init[731]: |    . o .        |
[   11.409183] cloud-init[731]: |.. . = + .       |
[   11.410344] cloud-init[731]: |*+o * + S        |
[   11.411493] cloud-init[731]: |EBo* = o         |
[   11.412899] cloud-init[731]: |o+B O O          |
[   11.414047] cloud-init[731]: |o++* B =         |
[   11.415202] cloud-init[731]: |+===+ . .        |
[   11.416347] cloud-init[731]: +----[SHA256]-----+
         Starting Dispatcher daemon for systemd-networkd...
         Starting Permit User Sessions...
         Starting Accounts Service...
[[0;32m  OK  [0m] Started D-Bus System Message Bus.
         Starting Pollinate to seed the pseudo random number generator...
         Starting Virtualbox guest utils...
         Starting Snap Daemon...
         Starting Login Service...
[[0;32m  OK  [0m] Started FUSE filesystem for LXC.
[[0;32m  OK  [0m] Started Regular background program processing daemon.
         Starting LSB: Record successful boot for GRUB...
[[0;32m  OK  [0m] Started System Logging Service.
[[0;32m  OK  [0m] Started Permit User Sessions.
[[0;32m  OK  [0m] Started Login Service.
[[0;32m  OK  [0m] Started Unattended Upgrades Shutdown.
         Starting Authorization Manager...
         Starting Terminate Plymouth Boot Screen...
         Starting Hold until boot process finishes up...
[[0;32m  OK  [0m] Started Hold until boot process finishes up.
         Starting Set console scheme...
[[0;32m  OK  [0m] Started Serial Getty on ttyS0.
[[0;32m  OK  [0m] Started Terminate Plymouth Boot Screen.
[[0;32m  OK  [0m] Started LXD - container startup/shutdown.
[[0;32m  OK  [0m] Started LSB: automatic crash report generation.
[[0;32m  OK  [0m] Started Authorization Manager.
[[0;32m  OK  [0m] Started Accounts Service.
[[0;32m  OK  [0m] Started Set console scheme.
[[0;32m  OK  [0m] Created slice system-getty.slice.
[[0;32m  OK  [0m] Started Getty on tty1.
[[0;32m  OK  [0m] Reached target Login Prompts.
[[0;32m  OK  [0m] Started Virtualbox guest utils.
[[0;32m  OK  [0m] Started LSB: Record successful boot for GRUB.
[[0;32m  OK  [0m] Started Dispatcher daemon for systemd-networkd.
[[0;32m  OK  [0m] Started Snap Daemon.
         Starting Wait until snapd is fully seeded...
[[0;32m  OK  [0m] Started Pollinate to seed the pseudo random number generator.
         Starting OpenBSD Secure Shell server...
[[0;32m  OK  [0m] Started OpenBSD Secure Shell server.
[[0;32m  OK  [0m] Created slice User Slice of vagrant.
         Starting User Manager for UID 1000...
[[0;32m  OK  [0m] Started Session 1 of user vagrant.
[[0;32m  OK  [0m] Started User Manager for UID 1000.
[[0;32m  OK  [0m] Started Wait until snapd is fully seeded.
         Starting Apply the settings specified in cloud-config...
[[0;32m  OK  [0m] Reached target Multi-User System.
[[0;32m  OK  [0m] Reached target Graphical Interface.
         Starting Update UTMP about System Runlevel Changes...
[[0;32m  OK  [0m] Started Update UTMP about System Runlevel Changes.
[   14.260008] cloud-init[1284]: Cloud-init v. 20.3-2-g371b392c-0ubuntu1~18.04.1 running 'modules:config' at Sun, 29 Nov 2020 09:51:53 +0000. Up 13.75 seconds.
[[0;32m  OK  [0m] Started Apply the settings specified in cloud-config.
         Starting Execute cloud user/final scripts...
ci-info: no authorized SSH keys fingerprints found for user ubuntu.
<14>Nov 29 09:51:54 ec2: 
<14>Nov 29 09:51:54 ec2: #############################################################
<14>Nov 29 09:51:54 ec2: -----BEGIN SSH HOST KEY FINGERPRINTS-----
<14>Nov 29 09:51:54 ec2: 1024 SHA256:LFAYpzfuB9TA+JP0Fpb7jfcPlsm40VAiiwS29eCtW/8 root@ubuntu-bionic (DSA)
<14>Nov 29 09:51:54 ec2: 256 SHA256:5CdyV0JTxmyyu6rTPu+q9W9Dl9SkEqNaygxAsTJgH0Y root@ubuntu-bionic (ECDSA)
<14>Nov 29 09:51:54 ec2: 256 SHA256:SciPg94PCwMvMr1fkOEKvEtwDmnycz1CvXiqaa+aeIQ root@ubuntu-bionic (ED25519)
<14>Nov 29 09:51:54 ec2: 2048 SHA256:vs91GScAOKMZRoHnD7Y3hVN8IrtK/0CNwNByevWcqp8 root@ubuntu-bionic (RSA)
<14>Nov 29 09:51:54 ec2: -----END SSH HOST KEY FINGERPRINTS-----
<14>Nov 29 09:51:54 ec2: #############################################################
-----BEGIN SSH HOST KEY KEYS-----
ecdsa-sha2-nistp256 AAAAE2VjZHNhLXNoYTItbmlzdHAyNTYAAAAIbmlzdHAyNTYAAABBBHWBopSWwdb3B/O0TjnJ0n3g2zbuoDHl3UvtuXXz6IW0xA5+J+9ygXiRUDn2TMA7E87bgE5vWqBakqXpBfvVRMA= root@ubuntu-bionic
ssh-ed25519 AAAAC3NzaC1lZDI1NTE5AAAAIHECvC1WOpC0pEyNe6Hgw0HTCsoJ9Ml+1pyqenxv7I2w root@ubuntu-bionic
ssh-rsa AAAAB3NzaC1yc2EAAAADAQABAAABAQDUa2fkMLYyEruuNuG7hVRBFbPIvdiu2OBFeNjOsBXdQaRfP5K4jslW9xRfW+ttvYMqCNPyJ6flcOeO1Ed8c8bRsNrP9GzY6CSJ4u42IajA1Klk3Q2ZFdMiWjnnFSgtndcF+B5VYYII/VRTfvTmKL1PohOsjiXINwyPWvtvwkE7T6YrvcWblnH3txV9viP0gVKzDF+V6yx0Dit9uCCtP0r2jO+BTKSDkhLxA+6WdQ3pqN+3HQp4Ko0p9YKAELvAWZt4VDHSqNY9zOwwPxa/dTSJYVTt1z08vk3e8CMlv3ahNTmUfAoR7F2yKM61Qp+6YbCf+331bz3SbZdVbvOd16Eh root@ubuntu-bionic
-----END SSH HOST KEY KEYS-----
[   14.716634] cloud-init[1357]: Cloud-init v. 20.3-2-g371b392c-0ubuntu1~18.04.1 running 'modules:final' at Sun, 29 Nov 2020 09:51:54 +0000. Up 14.57 seconds.
[   14.720980] cloud-init[1357]: ci-info: no authorized SSH keys fingerprints found for user ubuntu.
[   14.723169] cloud-init[1357]: Cloud-init v. 20.3-2-g371b392c-0ubuntu1~18.04.1 finished at Sun, 29 Nov 2020 09:51:54 +0000. Datasource DataSourceNoCloud [seed=/dev/sdb][dsmode=net].  Up 14.71 seconds
[[0;32m  OK  [0m] Started Execute cloud user/final scripts.
[[0;32m  OK  [0m] Reached target Cloud-init target.

Ubuntu 18.04.5 LTS ubuntu-bionic ttyS0

ubuntu-bionic login: 